<?xml version="1.0" encoding="UTF-8"?>
<testng-results skipped="0" failed="0" ignored="0" total="2" passed="2">
  <reporter-output>
  </reporter-output>
  <suite name="Suite" duration-ms="24787" started-at="2017-11-03T01:11:51Z" finished-at="2017-11-03T01:12:15Z">
    <groups>
    </groups>
    <test name="ToolsQA" duration-ms="24787" started-at="2017-11-03T01:11:51Z" finished-at="2017-11-03T01:12:15Z">
      <class name="TestNG.TestngParameters">
        <test-method status="PASS" signature="test(java.lang.String, java.lang.String)[pri:0, instance:TestNG.TestngParameters@d2cc05a]" name="test" duration-ms="12608" started-at="2017-11-02T20:11:51Z" data-provider="Authentication" finished-at="2017-11-02T20:12:03Z">
          <params>
            <param index="0">
              <value>
                <![CDATA[3136878013]]>
              </value>
            </param>
            <param index="1">
              <value>
                <![CDATA[1102380468]]>
              </value>
            </param>
          </params>
          <reporter-output>
          </reporter-output>
        </test-method> <!-- test -->
        <test-method status="PASS" signature="test(java.lang.String, java.lang.String)[pri:0, instance:TestNG.TestngParameters@d2cc05a]" name="test" duration-ms="12161" started-at="2017-11-02T20:12:03Z" data-provider="Authentication" finished-at="2017-11-02T20:12:15Z">
          <params>
            <param index="0">
              <value>
                <![CDATA[3136878013]]>
              </value>
            </param>
            <param index="1">
              <value>
                <![CDATA[1102380468]]>
              </value>
            </param>
          </params>
          <reporter-output>
          </reporter-output>
        </test-method> <!-- test -->
      </class> <!-- TestNG.TestngParameters -->
    </test> <!-- ToolsQA -->
  </suite> <!-- Suite -->
</testng-results>
